Change Component Footprint: Designator=Y1 Old Footprint=FOX-FOXSLF160-20 New Footprint=FP-ABLS2-MFG
Change Component Footprint: Designator=Y2 Old Footprint=FOX-FOXSLF160-20 New Footprint=FP-ABLS2-MFG
Change Component Comment : Designator=Y1 Old Comment=FOXSLF/160-20 New Comment=ABLS2-8.000MHZ-D4Y-T
Change Component Comment : Designator=Y2 Old Comment=FOXSLF/160-20 New Comment=ABLS2-8.000MHZ-D4Y-T
Change Managed Component Library Link : Designator=Y1 Old VaultGUID=B7D15EC3-160A-466F-A46C-7801FE6295A7 New VaultGUID=B7D15EC3-160A-466F-A46C-7801FE6295A7 Old ItemGUID=2E1CBF39-4C88-4B5E-A113-894CBAB83AF8 New ItemGUID=96EBBA63-407B-46CB-96E7-8C90E8421884 Old RevisionGUID=82C52971-63FA-4CEF-BC38-4F58E7E3226F New RevisionGUID=C07BB131-87B7-4777-A8B8-6C38D8F42313
Change Managed Component Library Link : Designator=Y2 Old VaultGUID=B7D15EC3-160A-466F-A46C-7801FE6295A7 New VaultGUID=B7D15EC3-160A-466F-A46C-7801FE6295A7 Old ItemGUID=2E1CBF39-4C88-4B5E-A113-894CBAB83AF8 New ItemGUID=96EBBA63-407B-46CB-96E7-8C90E8421884 Old RevisionGUID=82C52971-63FA-4CEF-BC38-4F58E7E3226F New RevisionGUID=C07BB131-87B7-4777-A8B8-6C38D8F42313
Change component parameters: Designator = "Y1" ("Y1"); Footprint = "FOX-FOXSLF160-20"; UniqueID = "\HYQXADZZ\BQTPWNOY" ("\HYQXADZZ\BQTPWNOY")
Change component parameters (AddParameter): Name = "Depth"; Value = "4.7mm"; VariantName = "[No Variations]"
Change component parameters (AddParameter): Name = "ESR (Equivalent Series Resistance)"; Value = "80R"; VariantName = "[No Variations]"
Change component parameters (AddParameter): Name = "Frequency"; Value = "8MHz"; VariantName = "[No Variations]"
Change component parameters (AddParameter): Name = "Frequency Stability"; Value = "30ppm"; VariantName = "[No Variations]"
Change component parameters (AddParameter): Name = "Frequency Tolerance"; Value = "30ppm"; VariantName = "[No Variations]"
Change component parameters (AddParameter): Name = "Height"; Value = "0.13inch"; VariantName = "[No Variations]"
Change component parameters (AddParameter): Name = "Lead Free"; Value = "Lead Free"; VariantName = "[No Variations]"
Change component parameters (AddParameter): Name = "Length"; Value = "11.4mm"; VariantName = "[No Variations]"
Change component parameters (AddParameter): Name = "Load Capacitance"; Value = "18pF"; VariantName = "[No Variations]"
Change component parameters (AddParameter): Name = "Max Operating Temperature"; Value = "85°C"; VariantName = "[No Variations]"
Change component parameters (AddParameter): Name = "Min Operating Temperature"; Value = "-40°C"; VariantName = "[No Variations]"
Change component parameters (AddParameter): Name = "Mount"; Value = "Surface Mount"; VariantName = "[No Variations]"
Change component parameters (AddParameter): Name = "Number of Pins"; Value = "2"; VariantName = "[No Variations]"
Change component parameters (AddParameter): Name = "Operating Frequency"; Value = "8 MHz"; VariantName = "[No Variations]"
Change component parameters (AddParameter): Name = "Package Quantity"; Value = "1000"; VariantName = "[No Variations]"
Change component parameters (AddParameter): Name = "Packaging"; Value = "Tape and Reel"; VariantName = "[No Variations]"
Change component parameters (AddParameter): Name = "RoHS Compliant"; Value = "Yes"; VariantName = "[No Variations]"
Change component parameters (AddParameter): Name = "Series"; Value = "ABLS2"; VariantName = "[No Variations]"
Change component parameters (AddParameter): Name = "Series Resistance"; Value = "80R"; VariantName = "[No Variations]"
Change component parameters (AddParameter): Name = "Termination"; Value = "SMD/SMT"; VariantName = "[No Variations]"
Change component parameters (AddParameter): Name = "Tolerance"; Value = "30ppm"; VariantName = "[No Variations]"
Change component parameters (AddParameter): Name = "Width"; Value = "4.7mm"; VariantName = "[No Variations]"
Change component parameters: Designator = "Y2" ("Y2"); Footprint = "FOX-FOXSLF160-20"; UniqueID = "\HYQXADZZ\RATUWXLW" ("\HYQXADZZ\RATUWXLW")
Change component parameters (AddParameter): Name = "Depth"; Value = "4.7mm"; VariantName = "[No Variations]"
Change component parameters (AddParameter): Name = "ESR (Equivalent Series Resistance)"; Value = "80R"; VariantName = "[No Variations]"
Change component parameters (AddParameter): Name = "Frequency"; Value = "8MHz"; VariantName = "[No Variations]"
Change component parameters (AddParameter): Name = "Frequency Stability"; Value = "30ppm"; VariantName = "[No Variations]"
Change component parameters (AddParameter): Name = "Frequency Tolerance"; Value = "30ppm"; VariantName = "[No Variations]"
Change component parameters (AddParameter): Name = "Height"; Value = "0.13inch"; VariantName = "[No Variations]"
Change component parameters (AddParameter): Name = "Lead Free"; Value = "Lead Free"; VariantName = "[No Variations]"
Change component parameters (AddParameter): Name = "Length"; Value = "11.4mm"; VariantName = "[No Variations]"
Change component parameters (AddParameter): Name = "Load Capacitance"; Value = "18pF"; VariantName = "[No Variations]"
Change component parameters (AddParameter): Name = "Max Operating Temperature"; Value = "85°C"; VariantName = "[No Variations]"
Change component parameters (AddParameter): Name = "Min Operating Temperature"; Value = "-40°C"; VariantName = "[No Variations]"
Change component parameters (AddParameter): Name = "Mount"; Value = "Surface Mount"; VariantName = "[No Variations]"
Change component parameters (AddParameter): Name = "Number of Pins"; Value = "2"; VariantName = "[No Variations]"
Change component parameters (AddParameter): Name = "Operating Frequency"; Value = "8 MHz"; VariantName = "[No Variations]"
Change component parameters (AddParameter): Name = "Package Quantity"; Value = "1000"; VariantName = "[No Variations]"
Change component parameters (AddParameter): Name = "Packaging"; Value = "Tape and Reel"; VariantName = "[No Variations]"
Change component parameters (AddParameter): Name = "RoHS Compliant"; Value = "Yes"; VariantName = "[No Variations]"
Change component parameters (AddParameter): Name = "Series"; Value = "ABLS2"; VariantName = "[No Variations]"
Change component parameters (AddParameter): Name = "Series Resistance"; Value = "80R"; VariantName = "[No Variations]"
Change component parameters (AddParameter): Name = "Termination"; Value = "SMD/SMT"; VariantName = "[No Variations]"
Change component parameters (AddParameter): Name = "Tolerance"; Value = "30ppm"; VariantName = "[No Variations]"
Change component parameters (AddParameter): Name = "Width"; Value = "4.7mm"; VariantName = "[No Variations]"
