Removed Pin From Net: NetName=POST_SENSE_M1 Pin=D11_M1-2
Removed Pin From Net: NetName=D44 Pin=D11_M1-3
Removed Pin From Net: NetName=POST_SENSE_M2 Pin=D11_M2-2
Removed Pin From Net: NetName=D46 Pin=D11_M2-3
Removed Pin From Net: NetName=POST_SENSE_M3 Pin=D11_M3-2
Removed Pin From Net: NetName=D45 Pin=D11_M3-3
Removed Pin From Net: NetName=POST_SENSE_M4 Pin=D11_M4-2
Removed Pin From Net: NetName=D12 Pin=D11_M4-3
Removed Pin From Net: NetName=POST_SENSE_M5 Pin=D11_M5-2
Removed Pin From Net: NetName=D24 Pin=D11_M5-3
Removed Pin From Net: NetName=POST_SENSE_M6 Pin=D11_M6-2
Removed Pin From Net: NetName=D26 Pin=D11_M6-3
Removed Pin From Net: NetName=POST_SENSE_M7 Pin=D11_M7-2
Removed Pin From Net: NetName=D27 Pin=D11_M7-3
Removed Pin From Net: NetName=POST_SENSE_M8 Pin=D11_M8-2
Removed Pin From Net: NetName=D25 Pin=D11_M8-3
Removed Pin From Net: NetName=POST_SENSE_M9 Pin=D11_M9-2
Removed Pin From Net: NetName=D28 Pin=D11_M9-3
Removed Pin From Net: NetName=POST_SENSE_M10 Pin=D11_M10-2
Removed Pin From Net: NetName=D30 Pin=D11_M10-3
Removed Pin From Net: NetName=POST_SENSE_M11 Pin=D11_M11-2
Removed Pin From Net: NetName=D31 Pin=D11_M11-3
Removed Pin From Net: NetName=POST_SENSE_M12 Pin=D11_M12-2
Removed Pin From Net: NetName=D29 Pin=D11_M12-3
Removed Pin From Net: NetName=GND Pin=R60_M1-2
Removed Pin From Net: NetName=GND Pin=R60_M2-2
Removed Pin From Net: NetName=GND Pin=R60_M3-2
Removed Pin From Net: NetName=GND Pin=R60_M4-2
Removed Pin From Net: NetName=GND Pin=R60_M5-2
Removed Pin From Net: NetName=GND Pin=R60_M6-2
Removed Pin From Net: NetName=GND Pin=R60_M7-2
Removed Pin From Net: NetName=GND Pin=R60_M8-2
Removed Pin From Net: NetName=GND Pin=R60_M9-2
Removed Pin From Net: NetName=GND Pin=R60_M10-2
Removed Pin From Net: NetName=GND Pin=R60_M11-2
Removed Pin From Net: NetName=GND Pin=R60_M12-2
Removed Pin From Net: NetName=GND Pin=R61_M1-2
Removed Pin From Net: NetName=GND Pin=R61_M2-2
Removed Pin From Net: NetName=GND Pin=R61_M3-2
Removed Pin From Net: NetName=GND Pin=R61_M4-2
Removed Pin From Net: NetName=GND Pin=R61_M5-2
Removed Pin From Net: NetName=GND Pin=R61_M6-2
Removed Pin From Net: NetName=GND Pin=R61_M7-2
Removed Pin From Net: NetName=GND Pin=R61_M8-2
Removed Pin From Net: NetName=GND Pin=R61_M9-2
Removed Pin From Net: NetName=GND Pin=R61_M10-2
Removed Pin From Net: NetName=GND Pin=R61_M11-2
Removed Pin From Net: NetName=GND Pin=R61_M12-2
Added Pin To Net: NetName=GND Pin=D11_M1-1
Added Pin To Net: NetName=GND Pin=D11_M1-4
Added Pin To Net: NetName=GND Pin=D11_M2-1
Added Pin To Net: NetName=GND Pin=D11_M2-4
Added Pin To Net: NetName=GND Pin=D11_M3-1
Added Pin To Net: NetName=GND Pin=D11_M3-4
Added Pin To Net: NetName=GND Pin=D11_M4-1
Added Pin To Net: NetName=GND Pin=D11_M4-4
Added Pin To Net: NetName=GND Pin=D11_M5-1
Added Pin To Net: NetName=GND Pin=D11_M5-4
Added Pin To Net: NetName=GND Pin=D11_M6-1
Added Pin To Net: NetName=GND Pin=D11_M6-4
Added Pin To Net: NetName=GND Pin=D11_M7-1
Added Pin To Net: NetName=GND Pin=D11_M7-4
Added Pin To Net: NetName=GND Pin=D11_M8-1
Added Pin To Net: NetName=GND Pin=D11_M8-4
Added Pin To Net: NetName=GND Pin=D11_M9-1
Added Pin To Net: NetName=GND Pin=D11_M9-4
Added Pin To Net: NetName=GND Pin=D11_M10-1
Added Pin To Net: NetName=GND Pin=D11_M10-4
Added Pin To Net: NetName=GND Pin=D11_M11-1
Added Pin To Net: NetName=GND Pin=D11_M11-4
Added Pin To Net: NetName=GND Pin=D11_M12-1
Added Pin To Net: NetName=GND Pin=D11_M12-4
Added Pin To Net: NetName=POST_SENSE_M1 Pin=R60_M1-1
Added Pin To Net: NetName=POST_SENSE_M2 Pin=R60_M2-1
Added Pin To Net: NetName=POST_SENSE_M3 Pin=R60_M3-1
Added Pin To Net: NetName=POST_SENSE_M4 Pin=R60_M4-1
Added Pin To Net: NetName=POST_SENSE_M5 Pin=R60_M5-1
Added Pin To Net: NetName=POST_SENSE_M6 Pin=R60_M6-1
Added Pin To Net: NetName=POST_SENSE_M7 Pin=R60_M7-1
Added Pin To Net: NetName=POST_SENSE_M8 Pin=R60_M8-1
Added Pin To Net: NetName=POST_SENSE_M9 Pin=R60_M9-1
Added Pin To Net: NetName=POST_SENSE_M10 Pin=R60_M10-1
Added Pin To Net: NetName=POST_SENSE_M11 Pin=R60_M11-1
Added Pin To Net: NetName=POST_SENSE_M12 Pin=R60_M12-1
Added Pin To Net: NetName=D44 Pin=R61_M1-1
Added Pin To Net: NetName=D46 Pin=R61_M2-1
Added Pin To Net: NetName=D45 Pin=R61_M3-1
Added Pin To Net: NetName=D12 Pin=R61_M4-1
Added Pin To Net: NetName=D24 Pin=R61_M5-1
Added Pin To Net: NetName=D26 Pin=R61_M6-1
Added Pin To Net: NetName=D27 Pin=R61_M7-1
Added Pin To Net: NetName=D25 Pin=R61_M8-1
Added Pin To Net: NetName=D28 Pin=R61_M9-1
Added Pin To Net: NetName=D30 Pin=R61_M10-1
Added Pin To Net: NetName=D31 Pin=R61_M11-1
Added Pin To Net: NetName=D29 Pin=R61_M12-1
Added Pin To Net: NetName=NetD11_M1_2 Pin=D11_M1-2
Added Pin To Net: NetName=NetD11_M1_2 Pin=R60_M1-2
Added Net: Name=NetD11_M1_2
Added Pin To Net: NetName=NetD11_M1_3 Pin=D11_M1-3
Added Pin To Net: NetName=NetD11_M1_3 Pin=R61_M1-2
Added Net: Name=NetD11_M1_3
Added Pin To Net: NetName=NetD11_M2_2 Pin=D11_M2-2
Added Pin To Net: NetName=NetD11_M2_2 Pin=R60_M2-2
Added Net: Name=NetD11_M2_2
Added Pin To Net: NetName=NetD11_M2_3 Pin=D11_M2-3
Added Pin To Net: NetName=NetD11_M2_3 Pin=R61_M2-2
Added Net: Name=NetD11_M2_3
Added Pin To Net: NetName=NetD11_M3_2 Pin=D11_M3-2
Added Pin To Net: NetName=NetD11_M3_2 Pin=R60_M3-2
Added Net: Name=NetD11_M3_2
Added Pin To Net: NetName=NetD11_M3_3 Pin=D11_M3-3
Added Pin To Net: NetName=NetD11_M3_3 Pin=R61_M3-2
Added Net: Name=NetD11_M3_3
Added Pin To Net: NetName=NetD11_M4_2 Pin=D11_M4-2
Added Pin To Net: NetName=NetD11_M4_2 Pin=R60_M4-2
Added Net: Name=NetD11_M4_2
Added Pin To Net: NetName=NetD11_M4_3 Pin=D11_M4-3
Added Pin To Net: NetName=NetD11_M4_3 Pin=R61_M4-2
Added Net: Name=NetD11_M4_3
Added Pin To Net: NetName=NetD11_M5_2 Pin=D11_M5-2
Added Pin To Net: NetName=NetD11_M5_2 Pin=R60_M5-2
Added Net: Name=NetD11_M5_2
Added Pin To Net: NetName=NetD11_M5_3 Pin=D11_M5-3
Added Pin To Net: NetName=NetD11_M5_3 Pin=R61_M5-2
Added Net: Name=NetD11_M5_3
Added Pin To Net: NetName=NetD11_M6_2 Pin=D11_M6-2
Added Pin To Net: NetName=NetD11_M6_2 Pin=R60_M6-2
Added Net: Name=NetD11_M6_2
Added Pin To Net: NetName=NetD11_M6_3 Pin=D11_M6-3
Added Pin To Net: NetName=NetD11_M6_3 Pin=R61_M6-2
Added Net: Name=NetD11_M6_3
Added Pin To Net: NetName=NetD11_M7_2 Pin=D11_M7-2
Added Pin To Net: NetName=NetD11_M7_2 Pin=R60_M7-2
Added Net: Name=NetD11_M7_2
Added Pin To Net: NetName=NetD11_M7_3 Pin=D11_M7-3
Added Pin To Net: NetName=NetD11_M7_3 Pin=R61_M7-2
Added Net: Name=NetD11_M7_3
Added Pin To Net: NetName=NetD11_M8_2 Pin=D11_M8-2
Added Pin To Net: NetName=NetD11_M8_2 Pin=R60_M8-2
Added Net: Name=NetD11_M8_2
Added Pin To Net: NetName=NetD11_M8_3 Pin=D11_M8-3
Added Pin To Net: NetName=NetD11_M8_3 Pin=R61_M8-2
Added Net: Name=NetD11_M8_3
Added Pin To Net: NetName=NetD11_M9_2 Pin=D11_M9-2
Added Pin To Net: NetName=NetD11_M9_2 Pin=R60_M9-2
Added Net: Name=NetD11_M9_2
Added Pin To Net: NetName=NetD11_M9_3 Pin=D11_M9-3
Added Pin To Net: NetName=NetD11_M9_3 Pin=R61_M9-2
Added Net: Name=NetD11_M9_3
Added Pin To Net: NetName=NetD11_M10_2 Pin=D11_M10-2
Added Pin To Net: NetName=NetD11_M10_2 Pin=R60_M10-2
Added Net: Name=NetD11_M10_2
Added Pin To Net: NetName=NetD11_M10_3 Pin=D11_M10-3
Added Pin To Net: NetName=NetD11_M10_3 Pin=R61_M10-2
Added Net: Name=NetD11_M10_3
Added Pin To Net: NetName=NetD11_M11_2 Pin=D11_M11-2
Added Pin To Net: NetName=NetD11_M11_2 Pin=R60_M11-2
Added Net: Name=NetD11_M11_2
Added Pin To Net: NetName=NetD11_M11_3 Pin=D11_M11-3
Added Pin To Net: NetName=NetD11_M11_3 Pin=R61_M11-2
Added Net: Name=NetD11_M11_3
Added Pin To Net: NetName=NetD11_M12_2 Pin=D11_M12-2
Added Pin To Net: NetName=NetD11_M12_2 Pin=R60_M12-2
Added Net: Name=NetD11_M12_2
Added Pin To Net: NetName=NetD11_M12_3 Pin=D11_M12-3
Added Pin To Net: NetName=NetD11_M12_3 Pin=R61_M12-2
Added Net: Name=NetD11_M12_3
Added Member To Class: ClassName=M1 Member=Component D11_M1 (D11) 150066RG54050
Added Member To Class: ClassName=M2 Member=Component D11_M2 (D11) 150066RG54050
Added Member To Class: ClassName=M3 Member=Component D11_M3 (D11) 150066RG54050
Added Member To Class: ClassName=M4 Member=Component D11_M4 (D11) 150066RG54050
Added Member To Class: ClassName=M5 Member=Component D11_M5 (D11) 150066RG54050
Added Member To Class: ClassName=M6 Member=Component D11_M6 (D11) 150066RG54050
Added Member To Class: ClassName=M7 Member=Component D11_M7 (D11) 150066RG54050
Added Member To Class: ClassName=M8 Member=Component D11_M8 (D11) 150066RG54050
Added Member To Class: ClassName=M9 Member=Component D11_M9 (D11) 150066RG54050
Added Member To Class: ClassName=M10 Member=Component D11_M10 (D11) 150066RG54050
Added Member To Class: ClassName=M11 Member=Component D11_M11 (D11) 150066RG54050
Added Member To Class: ClassName=M12 Member=Component D11_M12 (D11) 150066RG54050
