Removed Pin From Net: NetName=POST_SENSE_M1 Pin=D11_M1-2
Removed Pin From Net: NetName=D44 Pin=D11_M1-3
Removed Pin From Net: NetName=POST_SENSE_M2 Pin=D11_M2-2
Removed Pin From Net: NetName=D46 Pin=D11_M2-3
Removed Pin From Net: NetName=POST_SENSE_M3 Pin=D11_M3-2
Removed Pin From Net: NetName=D45 Pin=D11_M3-3
Removed Pin From Net: NetName=POST_SENSE_M4 Pin=D11_M4-2
Removed Pin From Net: NetName=D12 Pin=D11_M4-3
Removed Pin From Net: NetName=POST_SENSE_M5 Pin=D11_M5-2
Removed Pin From Net: NetName=D24 Pin=D11_M5-3
Removed Pin From Net: NetName=POST_SENSE_M6 Pin=D11_M6-2
Removed Pin From Net: NetName=D26 Pin=D11_M6-3
Removed Pin From Net: NetName=POST_SENSE_M7 Pin=D11_M7-2
Removed Pin From Net: NetName=D27 Pin=D11_M7-3
Removed Pin From Net: NetName=POST_SENSE_M8 Pin=D11_M8-2
Removed Pin From Net: NetName=D25 Pin=D11_M8-3
Removed Pin From Net: NetName=POST_SENSE_M9 Pin=D11_M9-2
Removed Pin From Net: NetName=D28 Pin=D11_M9-3
Removed Pin From Net: NetName=POST_SENSE_M10 Pin=D11_M10-2
Removed Pin From Net: NetName=D30 Pin=D11_M10-3
Removed Pin From Net: NetName=POST_SENSE_M11 Pin=D11_M11-2
Removed Pin From Net: NetName=D31 Pin=D11_M11-3
Removed Pin From Net: NetName=POST_SENSE_M12 Pin=D11_M12-2
Removed Pin From Net: NetName=D29 Pin=D11_M12-3
Removed Pin From Net: NetName=GND Pin=R60_M1-2
Removed Pin From Net: NetName=GND Pin=R60_M2-2
Removed Pin From Net: NetName=GND Pin=R60_M3-2
Removed Pin From Net: NetName=GND Pin=R60_M4-2
Removed Pin From Net: NetName=GND Pin=R60_M5-2
Removed Pin From Net: NetName=GND Pin=R60_M6-2
Removed Pin From Net: NetName=GND Pin=R60_M7-2
Removed Pin From Net: NetName=GND Pin=R60_M8-2
Removed Pin From Net: NetName=GND Pin=R60_M9-2
Removed Pin From Net: NetName=GND Pin=R60_M10-2
Removed Pin From Net: NetName=GND Pin=R60_M11-2
Removed Pin From Net: NetName=GND Pin=R60_M12-2
Removed Pin From Net: NetName=GND Pin=R61_M1-2
Removed Pin From Net: NetName=GND Pin=R61_M2-2
Removed Pin From Net: NetName=GND Pin=R61_M3-2
Removed Pin From Net: NetName=GND Pin=R61_M4-2
Removed Pin From Net: NetName=GND Pin=R61_M5-2
Removed Pin From Net: NetName=GND Pin=R61_M6-2
Removed Pin From Net: NetName=GND Pin=R61_M7-2
Removed Pin From Net: NetName=GND Pin=R61_M8-2
Removed Pin From Net: NetName=GND Pin=R61_M9-2
Removed Pin From Net: NetName=GND Pin=R61_M10-2
Removed Pin From Net: NetName=GND Pin=R61_M11-2
Removed Pin From Net: NetName=GND Pin=R61_M12-2
Removed Member From Class: ClassName=M1 Member=D11_M1
Removed Member From Class: ClassName=M2 Member=D11_M2
Removed Member From Class: ClassName=M3 Member=D11_M3
Removed Member From Class: ClassName=M4 Member=D11_M4
Removed Member From Class: ClassName=M5 Member=D11_M5
Removed Member From Class: ClassName=M6 Member=D11_M6
Removed Member From Class: ClassName=M7 Member=D11_M7
Removed Member From Class: ClassName=M8 Member=D11_M8
Removed Member From Class: ClassName=M9 Member=D11_M9
Removed Member From Class: ClassName=M10 Member=D11_M10
Removed Member From Class: ClassName=M11 Member=D11_M11
Removed Member From Class: ClassName=M12 Member=D11_M12
Added Component: Designator=D?_M1(WL-SBCD_0606)
Added Component: Designator=D?_M2(WL-SBCD_0606)
Added Component: Designator=D?_M3(WL-SBCD_0606)
Added Component: Designator=D?_M4(WL-SBCD_0606)
Added Component: Designator=D?_M5(WL-SBCD_0606)
Added Component: Designator=D?_M6(WL-SBCD_0606)
Added Component: Designator=D?_M7(WL-SBCD_0606)
Added Component: Designator=D?_M8(WL-SBCD_0606)
Added Component: Designator=D?_M9(WL-SBCD_0606)
Added Component: Designator=D?_M10(WL-SBCD_0606)
Added Component: Designator=D?_M11(WL-SBCD_0606)
Added Component: Designator=D?_M12(WL-SBCD_0606)
Added Pin To Net: NetName=GND Pin=D?_M1-1
Added Pin To Net: NetName=GND Pin=D?_M1-4
Added Pin To Net: NetName=GND Pin=D?_M2-1
Added Pin To Net: NetName=GND Pin=D?_M2-4
Added Pin To Net: NetName=GND Pin=D?_M3-1
Added Pin To Net: NetName=GND Pin=D?_M3-4
Added Pin To Net: NetName=GND Pin=D?_M4-1
Added Pin To Net: NetName=GND Pin=D?_M4-4
Added Pin To Net: NetName=GND Pin=D?_M5-1
Added Pin To Net: NetName=GND Pin=D?_M5-4
Added Pin To Net: NetName=GND Pin=D?_M6-1
Added Pin To Net: NetName=GND Pin=D?_M6-4
Added Pin To Net: NetName=GND Pin=D?_M7-1
Added Pin To Net: NetName=GND Pin=D?_M7-4
Added Pin To Net: NetName=GND Pin=D?_M8-1
Added Pin To Net: NetName=GND Pin=D?_M8-4
Added Pin To Net: NetName=GND Pin=D?_M9-1
Added Pin To Net: NetName=GND Pin=D?_M9-4
Added Pin To Net: NetName=GND Pin=D?_M10-1
Added Pin To Net: NetName=GND Pin=D?_M10-4
Added Pin To Net: NetName=GND Pin=D?_M11-1
Added Pin To Net: NetName=GND Pin=D?_M11-4
Added Pin To Net: NetName=GND Pin=D?_M12-1
Added Pin To Net: NetName=GND Pin=D?_M12-4
Added Pin To Net: NetName=POST_SENSE_M1 Pin=R60_M1-1
Added Pin To Net: NetName=POST_SENSE_M2 Pin=R60_M2-1
Added Pin To Net: NetName=POST_SENSE_M3 Pin=R60_M3-1
Added Pin To Net: NetName=POST_SENSE_M4 Pin=R60_M4-1
Added Pin To Net: NetName=POST_SENSE_M5 Pin=R60_M5-1
Added Pin To Net: NetName=POST_SENSE_M6 Pin=R60_M6-1
Added Pin To Net: NetName=POST_SENSE_M7 Pin=R60_M7-1
Added Pin To Net: NetName=POST_SENSE_M8 Pin=R60_M8-1
Added Pin To Net: NetName=POST_SENSE_M9 Pin=R60_M9-1
Added Pin To Net: NetName=POST_SENSE_M10 Pin=R60_M10-1
Added Pin To Net: NetName=POST_SENSE_M11 Pin=R60_M11-1
Added Pin To Net: NetName=POST_SENSE_M12 Pin=R60_M12-1
Added Pin To Net: NetName=D44 Pin=R61_M1-1
Added Pin To Net: NetName=D46 Pin=R61_M2-1
Added Pin To Net: NetName=D45 Pin=R61_M3-1
Added Pin To Net: NetName=D12 Pin=R61_M4-1
Added Pin To Net: NetName=D24 Pin=R61_M5-1
Added Pin To Net: NetName=D26 Pin=R61_M6-1
Added Pin To Net: NetName=D27 Pin=R61_M7-1
Added Pin To Net: NetName=D25 Pin=R61_M8-1
Added Pin To Net: NetName=D28 Pin=R61_M9-1
Added Pin To Net: NetName=D30 Pin=R61_M10-1
Added Pin To Net: NetName=D31 Pin=R61_M11-1
Added Pin To Net: NetName=D29 Pin=R61_M12-1
Added Pin To Net: NetName=NetD?_M1_2 Pin=D?_M1-2
Added Pin To Net: NetName=NetD?_M1_2 Pin=R60_M1-2
Added Net: Name=NetD?_M1_2
Added Pin To Net: NetName=NetD?_M1_3 Pin=D?_M1-3
Added Pin To Net: NetName=NetD?_M1_3 Pin=R61_M1-2
Added Net: Name=NetD?_M1_3
Added Pin To Net: NetName=NetD?_M2_2 Pin=D?_M2-2
Added Pin To Net: NetName=NetD?_M2_2 Pin=R60_M2-2
Added Net: Name=NetD?_M2_2
Added Pin To Net: NetName=NetD?_M2_3 Pin=D?_M2-3
Added Pin To Net: NetName=NetD?_M2_3 Pin=R61_M2-2
Added Net: Name=NetD?_M2_3
Added Pin To Net: NetName=NetD?_M3_2 Pin=D?_M3-2
Added Pin To Net: NetName=NetD?_M3_2 Pin=R60_M3-2
Added Net: Name=NetD?_M3_2
Added Pin To Net: NetName=NetD?_M3_3 Pin=D?_M3-3
Added Pin To Net: NetName=NetD?_M3_3 Pin=R61_M3-2
Added Net: Name=NetD?_M3_3
Added Pin To Net: NetName=NetD?_M4_2 Pin=D?_M4-2
Added Pin To Net: NetName=NetD?_M4_2 Pin=R60_M4-2
Added Net: Name=NetD?_M4_2
Added Pin To Net: NetName=NetD?_M4_3 Pin=D?_M4-3
Added Pin To Net: NetName=NetD?_M4_3 Pin=R61_M4-2
Added Net: Name=NetD?_M4_3
Added Pin To Net: NetName=NetD?_M5_2 Pin=D?_M5-2
Added Pin To Net: NetName=NetD?_M5_2 Pin=R60_M5-2
Added Net: Name=NetD?_M5_2
Added Pin To Net: NetName=NetD?_M5_3 Pin=D?_M5-3
Added Pin To Net: NetName=NetD?_M5_3 Pin=R61_M5-2
Added Net: Name=NetD?_M5_3
Added Pin To Net: NetName=NetD?_M6_2 Pin=D?_M6-2
Added Pin To Net: NetName=NetD?_M6_2 Pin=R60_M6-2
Added Net: Name=NetD?_M6_2
Added Pin To Net: NetName=NetD?_M6_3 Pin=D?_M6-3
Added Pin To Net: NetName=NetD?_M6_3 Pin=R61_M6-2
Added Net: Name=NetD?_M6_3
Added Pin To Net: NetName=NetD?_M7_2 Pin=D?_M7-2
Added Pin To Net: NetName=NetD?_M7_2 Pin=R60_M7-2
Added Net: Name=NetD?_M7_2
Added Pin To Net: NetName=NetD?_M7_3 Pin=D?_M7-3
Added Pin To Net: NetName=NetD?_M7_3 Pin=R61_M7-2
Added Net: Name=NetD?_M7_3
Added Pin To Net: NetName=NetD?_M8_2 Pin=D?_M8-2
Added Pin To Net: NetName=NetD?_M8_2 Pin=R60_M8-2
Added Net: Name=NetD?_M8_2
Added Pin To Net: NetName=NetD?_M8_3 Pin=D?_M8-3
Added Pin To Net: NetName=NetD?_M8_3 Pin=R61_M8-2
Added Net: Name=NetD?_M8_3
Added Pin To Net: NetName=NetD?_M9_2 Pin=D?_M9-2
Added Pin To Net: NetName=NetD?_M9_2 Pin=R60_M9-2
Added Net: Name=NetD?_M9_2
Added Pin To Net: NetName=NetD?_M9_3 Pin=D?_M9-3
Added Pin To Net: NetName=NetD?_M9_3 Pin=R61_M9-2
Added Net: Name=NetD?_M9_3
Added Pin To Net: NetName=NetD?_M10_2 Pin=D?_M10-2
Added Pin To Net: NetName=NetD?_M10_2 Pin=R60_M10-2
Added Net: Name=NetD?_M10_2
Added Pin To Net: NetName=NetD?_M10_3 Pin=D?_M10-3
Added Pin To Net: NetName=NetD?_M10_3 Pin=R61_M10-2
Added Net: Name=NetD?_M10_3
Added Pin To Net: NetName=NetD?_M11_2 Pin=D?_M11-2
Added Pin To Net: NetName=NetD?_M11_2 Pin=R60_M11-2
Added Net: Name=NetD?_M11_2
Added Pin To Net: NetName=NetD?_M11_3 Pin=D?_M11-3
Added Pin To Net: NetName=NetD?_M11_3 Pin=R61_M11-2
Added Net: Name=NetD?_M11_3
Added Pin To Net: NetName=NetD?_M12_2 Pin=D?_M12-2
Added Pin To Net: NetName=NetD?_M12_2 Pin=R60_M12-2
Added Net: Name=NetD?_M12_2
Added Pin To Net: NetName=NetD?_M12_3 Pin=D?_M12-3
Added Pin To Net: NetName=NetD?_M12_3 Pin=R61_M12-2
Added Net: Name=NetD?_M12_3
Added Member To Class: ClassName=M1 Member=Component D?_M1 (D?) 150066RG54050
Added Member To Class: ClassName=M2 Member=Component D?_M2 (D?) 150066RG54050
Added Member To Class: ClassName=M3 Member=Component D?_M3 (D?) 150066RG54050
Added Member To Class: ClassName=M4 Member=Component D?_M4 (D?) 150066RG54050
Added Member To Class: ClassName=M5 Member=Component D?_M5 (D?) 150066RG54050
Added Member To Class: ClassName=M6 Member=Component D?_M6 (D?) 150066RG54050
Added Member To Class: ClassName=M7 Member=Component D?_M7 (D?) 150066RG54050
Added Member To Class: ClassName=M8 Member=Component D?_M8 (D?) 150066RG54050
Added Member To Class: ClassName=M9 Member=Component D?_M9 (D?) 150066RG54050
Added Member To Class: ClassName=M10 Member=Component D?_M10 (D?) 150066RG54050
Added Member To Class: ClassName=M11 Member=Component D?_M11 (D?) 150066RG54050
Added Member To Class: ClassName=M12 Member=Component D?_M12 (D?) 150066RG54050
