Added Component: Designator=D9(WL-SBCD_0606)
Added Component: Designator=D10(WL-SBCD_0606)
Added Component: Designator=D11_M1(WL-SBCD_0606)
Added Component: Designator=D11_M2(WL-SBCD_0606)
Added Component: Designator=D11_M3(WL-SBCD_0606)
Added Component: Designator=D11_M4(WL-SBCD_0606)
Added Component: Designator=D11_M5(WL-SBCD_0606)
Added Component: Designator=D11_M6(WL-SBCD_0606)
Added Component: Designator=D11_M7(WL-SBCD_0606)
Added Component: Designator=D11_M8(WL-SBCD_0606)
Added Component: Designator=D11_M9(WL-SBCD_0606)
Added Component: Designator=D11_M10(WL-SBCD_0606)
Added Component: Designator=D11_M11(WL-SBCD_0606)
Added Component: Designator=D11_M12(WL-SBCD_0606)
Added Component: Designator=LS1(SMI-1027-T-5V-R-Footprint-1)
Added Component: Designator=Q11(FP-SSOP6-P-0_65A-MFG)
Add component (AddParameter): Name = "Continuous Drain Current (ID)"; Value = "300mA"; VariantName = "[No Variations]"
Add component (AddParameter): Name = "Drain to Source Voltage (Vdss)"; Value = "60V"; VariantName = "[No Variations]"
Add component (AddParameter): Name = "FET Type"; Value = "2 N-Channel"; VariantName = "[No Variations]"
Add component (AddParameter): Name = "Input Capacitance"; Value = "40pF"; VariantName = "[No Variations]"
Add component (AddParameter): Name = "Max Power Dissipation"; Value = "285mW"; VariantName = "[No Variations]"
Add component (AddParameter): Name = "Mount"; Value = "Surface Mount"; VariantName = "[No Variations]"
Add component (AddParameter): Name = "Packaging"; Value = "Tape and Reel"; VariantName = "[No Variations]"
Add component (AddParameter): Name = "Rds On Max"; Value = "1.5R"; VariantName = "[No Variations]"
Added Component: Designator=R55(RESC1609X55X30LL15T15)
Add component (AddParameter): Name = "Case Code (Imperial)"; Value = "0603"; VariantName = "[No Variations]"
Add component (AddParameter): Name = "Case Code (Metric)"; Value = "1608"; VariantName = "[No Variations]"
Add component (AddParameter): Name = "Case\/Package"; Value = "0603"; VariantName = "[No Variations]"
Add component (AddParameter): Name = "Composition"; Value = "ThickFilm"; VariantName = "[No Variations]"
Add component (AddParameter): Name = "Contact Plating"; Value = "Tin"; VariantName = "[No Variations]"
Add component (AddParameter): Name = "Datasheet URL"; Value = "https://industrial.panasonic.com/cdbs/www-data/pdf/RDA0000/AOA0000C304.pdf"; VariantName = "[No Variations]"
Add component (AddParameter): Name = "Datasheet Version"; Value = "02/2017"; VariantName = "[No Variations]"
Add component (AddParameter): Name = "Depth"; Value = "0.8mm"; VariantName = "[No Variations]"
Add component (AddParameter): Name = "Height"; Value = "0.45mm"; VariantName = "[No Variations]"
Add component (AddParameter): Name = "Lead Free"; Value = "LeadFree"; VariantName = "[No Variations]"
Add component (AddParameter): Name = "Length"; Value = "1.6mm"; VariantName = "[No Variations]"
Add component (AddParameter): Name = "Manufacturer"; Value = "Panasonic"; VariantName = "[No Variations]"
Add component (AddParameter): Name = "Manufacturer URL"; Value = "http://www.panasonic.com/"; VariantName = "[No Variations]"
Add component (AddParameter): Name = "Max Operating Temperature"; Value = "155degC"; VariantName = "[No Variations]"
Add component (AddParameter): Name = "Max Power Dissipation"; Value = "100mW"; VariantName = "[No Variations]"
Add component (AddParameter): Name = "Military Standard"; Value = "Not"; VariantName = "[No Variations]"
Add component (AddParameter): Name = "Min Operating Temperature"; Value = "-55degC"; VariantName = "[No Variations]"
Add component (AddParameter): Name = "Mount"; Value = "SurfaceMount"; VariantName = "[No Variations]"
Add component (AddParameter): Name = "Mounting Technology"; Value = "SurfaceMount"; VariantName = "[No Variations]"
Add component (AddParameter): Name = "Number of Pins"; Value = "2"; VariantName = "[No Variations]"
Add component (AddParameter): Name = "Number of Terminations"; Value = "2"; VariantName = "[No Variations]"
Add component (AddParameter): Name = "Package Description"; Value = "2-Pin Surface Mount Device, Body 1.6 x 0.85 mm"; VariantName = "[No Variations]"
Add component (AddParameter): Name = "Package Quantity"; Value = "1"; VariantName = "[No Variations]"
Add component (AddParameter): Name = "Package Reference"; Value = "603"; VariantName = "[No Variations]"
Add component (AddParameter): Name = "Packaging"; Value = "TapeandReel"; VariantName = "[No Variations]"
Add component (AddParameter): Name = "Power Rating"; Value = "100mW"; VariantName = "[No Variations]"
Add component (AddParameter): Name = "Radiation Hardening"; Value = "No"; VariantName = "[No Variations]"
Add component (AddParameter): Name = "REACH SVHC"; Value = "NoSVHC"; VariantName = "[No Variations]"
Add component (AddParameter): Name = "Resistance"; Value = "10KOhm"; VariantName = "[No Variations]"
Add component (AddParameter): Name = "RoHSCompliant"; Value = "true"; VariantName = "[No Variations]"
Add component (AddParameter): Name = "Temperature Coefficient"; Value = "100ppm\/degreesC"; VariantName = "[No Variations]"
Add component (AddParameter): Name = "Termination"; Value = "SMD/SMT"; VariantName = "[No Variations]"
Add component (AddParameter): Name = "Tolerance"; Value = "1%"; VariantName = "[No Variations]"
Add component (AddParameter): Name = "Voltage Rating"; Value = "75V"; VariantName = "[No Variations]"
Add component (AddParameter): Name = "Voltage Rating (DC)"; Value = "75V"; VariantName = "[No Variations]"
Add component (AddParameter): Name = "Width"; Value = "0.031inch"; VariantName = "[No Variations]"
Added Component: Designator=R56(RESC1608X55X30NL15T15)
Add component (AddParameter): Name = "Manufacturer"; Value = "Panasonic"; VariantName = "[No Variations]"
Add component (AddParameter): Name = "Part Number"; Value = "ERJ-3EKF1500V"; VariantName = "[No Variations]"
Added Component: Designator=R57(RESC1608X55X30NL15T15)
Add component (AddParameter): Name = "Manufacturer"; Value = "Panasonic"; VariantName = "[No Variations]"
Add component (AddParameter): Name = "Part Number"; Value = "ERJ-3GEYJ820V"; VariantName = "[No Variations]"
Added Component: Designator=R58(RESC1608X55X30NL15T15)
Add component (AddParameter): Name = "Manufacturer"; Value = "Panasonic"; VariantName = "[No Variations]"
Add component (AddParameter): Name = "Part Number"; Value = "ERJ-3EKF1500V"; VariantName = "[No Variations]"
Added Component: Designator=R59(RESC1608X55X30NL15T15)
Add component (AddParameter): Name = "Manufacturer"; Value = "Panasonic"; VariantName = "[No Variations]"
Add component (AddParameter): Name = "Part Number"; Value = "ERJ-3GEYJ820V"; VariantName = "[No Variations]"
Added Component: Designator=R60_M1(RESC1608X55X30NL15T15)
Add component (AddParameter): Name = "Manufacturer"; Value = "Panasonic"; VariantName = "[No Variations]"
Add component (AddParameter): Name = "Part Number"; Value = "ERJ3EKF5100V"; VariantName = "[No Variations]"
Added Component: Designator=R60_M2(RESC1608X55X30NL15T15)
Add component (AddParameter): Name = "Manufacturer"; Value = "Panasonic"; VariantName = "[No Variations]"
Add component (AddParameter): Name = "Part Number"; Value = "ERJ3EKF5100V"; VariantName = "[No Variations]"
Added Component: Designator=R60_M3(RESC1608X55X30NL15T15)
Add component (AddParameter): Name = "Manufacturer"; Value = "Panasonic"; VariantName = "[No Variations]"
Add component (AddParameter): Name = "Part Number"; Value = "ERJ3EKF5100V"; VariantName = "[No Variations]"
Added Component: Designator=R60_M4(RESC1608X55X30NL15T15)
Add component (AddParameter): Name = "Manufacturer"; Value = "Panasonic"; VariantName = "[No Variations]"
Add component (AddParameter): Name = "Part Number"; Value = "ERJ3EKF5100V"; VariantName = "[No Variations]"
Added Component: Designator=R60_M5(RESC1608X55X30NL15T15)
Add component (AddParameter): Name = "Manufacturer"; Value = "Panasonic"; VariantName = "[No Variations]"
Add component (AddParameter): Name = "Part Number"; Value = "ERJ3EKF5100V"; VariantName = "[No Variations]"
Added Component: Designator=R60_M6(RESC1608X55X30NL15T15)
Add component (AddParameter): Name = "Manufacturer"; Value = "Panasonic"; VariantName = "[No Variations]"
Add component (AddParameter): Name = "Part Number"; Value = "ERJ3EKF5100V"; VariantName = "[No Variations]"
Added Component: Designator=R60_M7(RESC1608X55X30NL15T15)
Add component (AddParameter): Name = "Manufacturer"; Value = "Panasonic"; VariantName = "[No Variations]"
Add component (AddParameter): Name = "Part Number"; Value = "ERJ3EKF5100V"; VariantName = "[No Variations]"
Added Component: Designator=R60_M8(RESC1608X55X30NL15T15)
Add component (AddParameter): Name = "Manufacturer"; Value = "Panasonic"; VariantName = "[No Variations]"
Add component (AddParameter): Name = "Part Number"; Value = "ERJ3EKF5100V"; VariantName = "[No Variations]"
Added Component: Designator=R60_M9(RESC1608X55X30NL15T15)
Add component (AddParameter): Name = "Manufacturer"; Value = "Panasonic"; VariantName = "[No Variations]"
Add component (AddParameter): Name = "Part Number"; Value = "ERJ3EKF5100V"; VariantName = "[No Variations]"
Added Component: Designator=R60_M10(RESC1608X55X30NL15T15)
Add component (AddParameter): Name = "Manufacturer"; Value = "Panasonic"; VariantName = "[No Variations]"
Add component (AddParameter): Name = "Part Number"; Value = "ERJ3EKF5100V"; VariantName = "[No Variations]"
Added Component: Designator=R60_M11(RESC1608X55X30NL15T15)
Add component (AddParameter): Name = "Manufacturer"; Value = "Panasonic"; VariantName = "[No Variations]"
Add component (AddParameter): Name = "Part Number"; Value = "ERJ3EKF5100V"; VariantName = "[No Variations]"
Added Component: Designator=R60_M12(RESC1608X55X30NL15T15)
Add component (AddParameter): Name = "Manufacturer"; Value = "Panasonic"; VariantName = "[No Variations]"
Add component (AddParameter): Name = "Part Number"; Value = "ERJ3EKF5100V"; VariantName = "[No Variations]"
Added Component: Designator=R61_M1(RESC1608X55X30NL15T15)
Add component (AddParameter): Name = "Manufacturer"; Value = "Panasonic"; VariantName = "[No Variations]"
Add component (AddParameter): Name = "Part Number"; Value = "ERJ-3GEYJ820V"; VariantName = "[No Variations]"
Added Component: Designator=R61_M2(RESC1608X55X30NL15T15)
Add component (AddParameter): Name = "Manufacturer"; Value = "Panasonic"; VariantName = "[No Variations]"
Add component (AddParameter): Name = "Part Number"; Value = "ERJ-3GEYJ820V"; VariantName = "[No Variations]"
Added Component: Designator=R61_M3(RESC1608X55X30NL15T15)
Add component (AddParameter): Name = "Manufacturer"; Value = "Panasonic"; VariantName = "[No Variations]"
Add component (AddParameter): Name = "Part Number"; Value = "ERJ-3GEYJ820V"; VariantName = "[No Variations]"
Added Component: Designator=R61_M4(RESC1608X55X30NL15T15)
Add component (AddParameter): Name = "Manufacturer"; Value = "Panasonic"; VariantName = "[No Variations]"
Add component (AddParameter): Name = "Part Number"; Value = "ERJ-3GEYJ820V"; VariantName = "[No Variations]"
Added Component: Designator=R61_M5(RESC1608X55X30NL15T15)
Add component (AddParameter): Name = "Manufacturer"; Value = "Panasonic"; VariantName = "[No Variations]"
Add component (AddParameter): Name = "Part Number"; Value = "ERJ-3GEYJ820V"; VariantName = "[No Variations]"
Added Component: Designator=R61_M6(RESC1608X55X30NL15T15)
Add component (AddParameter): Name = "Manufacturer"; Value = "Panasonic"; VariantName = "[No Variations]"
Add component (AddParameter): Name = "Part Number"; Value = "ERJ-3GEYJ820V"; VariantName = "[No Variations]"
Added Component: Designator=R61_M7(RESC1608X55X30NL15T15)
Add component (AddParameter): Name = "Manufacturer"; Value = "Panasonic"; VariantName = "[No Variations]"
Add component (AddParameter): Name = "Part Number"; Value = "ERJ-3GEYJ820V"; VariantName = "[No Variations]"
Added Component: Designator=R61_M8(RESC1608X55X30NL15T15)
Add component (AddParameter): Name = "Manufacturer"; Value = "Panasonic"; VariantName = "[No Variations]"
Add component (AddParameter): Name = "Part Number"; Value = "ERJ-3GEYJ820V"; VariantName = "[No Variations]"
Added Component: Designator=R61_M9(RESC1608X55X30NL15T15)
Add component (AddParameter): Name = "Manufacturer"; Value = "Panasonic"; VariantName = "[No Variations]"
Add component (AddParameter): Name = "Part Number"; Value = "ERJ-3GEYJ820V"; VariantName = "[No Variations]"
Added Component: Designator=R61_M10(RESC1608X55X30NL15T15)
Add component (AddParameter): Name = "Manufacturer"; Value = "Panasonic"; VariantName = "[No Variations]"
Add component (AddParameter): Name = "Part Number"; Value = "ERJ-3GEYJ820V"; VariantName = "[No Variations]"
Added Component: Designator=R61_M11(RESC1608X55X30NL15T15)
Add component (AddParameter): Name = "Manufacturer"; Value = "Panasonic"; VariantName = "[No Variations]"
Add component (AddParameter): Name = "Part Number"; Value = "ERJ-3GEYJ820V"; VariantName = "[No Variations]"
Added Component: Designator=R61_M12(RESC1608X55X30NL15T15)
Add component (AddParameter): Name = "Manufacturer"; Value = "Panasonic"; VariantName = "[No Variations]"
Add component (AddParameter): Name = "Part Number"; Value = "ERJ-3GEYJ820V"; VariantName = "[No Variations]"
Added Component: Designator=U11(LM2902Q4T-Footprint-1)
Added Component: Designator=U12(LM2902Q4T-Footprint-1)
Added Pin To Net: NetName=POST_SENSE_M1 Pin=D11_M1-2
Added Pin To Net: NetName=D44 Pin=D11_M1-3
Added Pin To Net: NetName=POST_SENSE_M2 Pin=D11_M2-2
Added Pin To Net: NetName=D46 Pin=D11_M2-3
Added Pin To Net: NetName=POST_SENSE_M3 Pin=D11_M3-2
Added Pin To Net: NetName=D45 Pin=D11_M3-3
Added Pin To Net: NetName=POST_SENSE_M4 Pin=D11_M4-2
Added Pin To Net: NetName=D12 Pin=D11_M4-3
Added Pin To Net: NetName=POST_SENSE_M5 Pin=D11_M5-2
Added Pin To Net: NetName=D24 Pin=D11_M5-3
Added Pin To Net: NetName=POST_SENSE_M6 Pin=D11_M6-2
Added Pin To Net: NetName=D26 Pin=D11_M6-3
Added Pin To Net: NetName=POST_SENSE_M7 Pin=D11_M7-2
Added Pin To Net: NetName=D27 Pin=D11_M7-3
Added Pin To Net: NetName=POST_SENSE_M8 Pin=D11_M8-2
Added Pin To Net: NetName=D25 Pin=D11_M8-3
Added Pin To Net: NetName=POST_SENSE_M9 Pin=D11_M9-2
Added Pin To Net: NetName=D28 Pin=D11_M9-3
Added Pin To Net: NetName=POST_SENSE_M10 Pin=D11_M10-2
Added Pin To Net: NetName=D30 Pin=D11_M10-3
Added Pin To Net: NetName=POST_SENSE_M11 Pin=D11_M11-2
Added Pin To Net: NetName=D31 Pin=D11_M11-3
Added Pin To Net: NetName=POST_SENSE_M12 Pin=D11_M12-2
Added Pin To Net: NetName=D29 Pin=D11_M12-3
Added Pin To Net: NetName=LATCH_5V Pin=LS1-LOAD+
Added Pin To Net: NetName=GND Pin=Q11-1
Added Pin To Net: NetName=GND Pin=R55-1
Added Pin To Net: NetName=GND Pin=R56-2
Added Pin To Net: NetName=GND Pin=R57-2
Added Pin To Net: NetName=GND Pin=R58-2
Added Pin To Net: NetName=GND Pin=R59-2
Added Pin To Net: NetName=GND Pin=R60_M1-2
Added Pin To Net: NetName=GND Pin=R60_M2-2
Added Pin To Net: NetName=GND Pin=R60_M3-2
Added Pin To Net: NetName=GND Pin=R60_M4-2
Added Pin To Net: NetName=GND Pin=R60_M5-2
Added Pin To Net: NetName=GND Pin=R60_M6-2
Added Pin To Net: NetName=GND Pin=R60_M7-2
Added Pin To Net: NetName=GND Pin=R60_M8-2
Added Pin To Net: NetName=GND Pin=R60_M9-2
Added Pin To Net: NetName=GND Pin=R60_M10-2
Added Pin To Net: NetName=GND Pin=R60_M11-2
Added Pin To Net: NetName=GND Pin=R60_M12-2
Added Pin To Net: NetName=GND Pin=R61_M1-2
Added Pin To Net: NetName=GND Pin=R61_M2-2
Added Pin To Net: NetName=GND Pin=R61_M3-2
Added Pin To Net: NetName=GND Pin=R61_M4-2
Added Pin To Net: NetName=GND Pin=R61_M5-2
Added Pin To Net: NetName=GND Pin=R61_M6-2
Added Pin To Net: NetName=GND Pin=R61_M7-2
Added Pin To Net: NetName=GND Pin=R61_M8-2
Added Pin To Net: NetName=GND Pin=R61_M9-2
Added Pin To Net: NetName=GND Pin=R61_M10-2
Added Pin To Net: NetName=GND Pin=R61_M11-2
Added Pin To Net: NetName=GND Pin=R61_M12-2
Added Pin To Net: NetName=RXD_1 Pin=U11-1
Added Pin To Net: NetName=5V_1 Pin=U11-2
Added Pin To Net: NetName=TXD_1 Pin=U11-4
Added Pin To Net: NetName=GND Pin=U11-11
Added Pin To Net: NetName=RXD_2 Pin=U12-1
Added Pin To Net: NetName=5V_2 Pin=U12-2
Added Pin To Net: NetName=TXD_2 Pin=U12-4
Added Pin To Net: NetName=GND Pin=U12-11
Added Pin To Net: NetName=BUZZ Pin=J7-39
Added Pin To Net: NetName=BUZZ Pin=J9-39
Added Pin To Net: NetName=BUZZ Pin=Q11-2
Added Pin To Net: NetName=BUZZ Pin=R55-2
Added Net: Name=BUZZ
Added Pin To Net: NetName=NetD9_1 Pin=D9-1
Added Pin To Net: NetName=NetD9_1 Pin=R56-1
Added Net: Name=NetD9_1
Added Pin To Net: NetName=NetD9_2 Pin=D9-2
Added Pin To Net: NetName=NetD9_2 Pin=U11-15
Added Pin To Net: NetName=NetD9_2 Pin=U11-16
Added Net: Name=NetD9_2
Added Pin To Net: NetName=NetD9_3 Pin=D9-3
Added Pin To Net: NetName=NetD9_3 Pin=U11-5
Added Pin To Net: NetName=NetD9_3 Pin=U11-6
Added Net: Name=NetD9_3
Added Pin To Net: NetName=NetD9_4 Pin=D9-4
Added Pin To Net: NetName=NetD9_4 Pin=R57-1
Added Net: Name=NetD9_4
Added Pin To Net: NetName=NetD10_1 Pin=D10-1
Added Pin To Net: NetName=NetD10_1 Pin=R58-1
Added Net: Name=NetD10_1
Added Pin To Net: NetName=NetD10_2 Pin=D10-2
Added Pin To Net: NetName=NetD10_2 Pin=U12-15
Added Pin To Net: NetName=NetD10_2 Pin=U12-16
Added Net: Name=NetD10_2
Added Pin To Net: NetName=NetD10_3 Pin=D10-3
Added Pin To Net: NetName=NetD10_3 Pin=U12-5
Added Pin To Net: NetName=NetD10_3 Pin=U12-6
Added Net: Name=NetD10_3
Added Pin To Net: NetName=NetD10_4 Pin=D10-4
Added Pin To Net: NetName=NetD10_4 Pin=R59-1
Added Net: Name=NetD10_4
Added Pin To Net: NetName=NetD11_M1_1 Pin=D11_M1-1
Added Pin To Net: NetName=NetD11_M1_1 Pin=R60_M1-1
Added Net: Name=NetD11_M1_1
Added Pin To Net: NetName=NetD11_M1_4 Pin=D11_M1-4
Added Pin To Net: NetName=NetD11_M1_4 Pin=R61_M1-1
Added Net: Name=NetD11_M1_4
Added Pin To Net: NetName=NetD11_M2_1 Pin=D11_M2-1
Added Pin To Net: NetName=NetD11_M2_1 Pin=R60_M2-1
Added Net: Name=NetD11_M2_1
Added Pin To Net: NetName=NetD11_M2_4 Pin=D11_M2-4
Added Pin To Net: NetName=NetD11_M2_4 Pin=R61_M2-1
Added Net: Name=NetD11_M2_4
Added Pin To Net: NetName=NetD11_M3_1 Pin=D11_M3-1
Added Pin To Net: NetName=NetD11_M3_1 Pin=R60_M3-1
Added Net: Name=NetD11_M3_1
Added Pin To Net: NetName=NetD11_M3_4 Pin=D11_M3-4
Added Pin To Net: NetName=NetD11_M3_4 Pin=R61_M3-1
Added Net: Name=NetD11_M3_4
Added Pin To Net: NetName=NetD11_M4_1 Pin=D11_M4-1
Added Pin To Net: NetName=NetD11_M4_1 Pin=R60_M4-1
Added Net: Name=NetD11_M4_1
Added Pin To Net: NetName=NetD11_M4_4 Pin=D11_M4-4
Added Pin To Net: NetName=NetD11_M4_4 Pin=R61_M4-1
Added Net: Name=NetD11_M4_4
Added Pin To Net: NetName=NetD11_M5_1 Pin=D11_M5-1
Added Pin To Net: NetName=NetD11_M5_1 Pin=R60_M5-1
Added Net: Name=NetD11_M5_1
Added Pin To Net: NetName=NetD11_M5_4 Pin=D11_M5-4
Added Pin To Net: NetName=NetD11_M5_4 Pin=R61_M5-1
Added Net: Name=NetD11_M5_4
Added Pin To Net: NetName=NetD11_M6_1 Pin=D11_M6-1
Added Pin To Net: NetName=NetD11_M6_1 Pin=R60_M6-1
Added Net: Name=NetD11_M6_1
Added Pin To Net: NetName=NetD11_M6_4 Pin=D11_M6-4
Added Pin To Net: NetName=NetD11_M6_4 Pin=R61_M6-1
Added Net: Name=NetD11_M6_4
Added Pin To Net: NetName=NetD11_M7_1 Pin=D11_M7-1
Added Pin To Net: NetName=NetD11_M7_1 Pin=R60_M7-1
Added Net: Name=NetD11_M7_1
Added Pin To Net: NetName=NetD11_M7_4 Pin=D11_M7-4
Added Pin To Net: NetName=NetD11_M7_4 Pin=R61_M7-1
Added Net: Name=NetD11_M7_4
Added Pin To Net: NetName=NetD11_M8_1 Pin=D11_M8-1
Added Pin To Net: NetName=NetD11_M8_1 Pin=R60_M8-1
Added Net: Name=NetD11_M8_1
Added Pin To Net: NetName=NetD11_M8_4 Pin=D11_M8-4
Added Pin To Net: NetName=NetD11_M8_4 Pin=R61_M8-1
Added Net: Name=NetD11_M8_4
Added Pin To Net: NetName=NetD11_M9_1 Pin=D11_M9-1
Added Pin To Net: NetName=NetD11_M9_1 Pin=R60_M9-1
Added Net: Name=NetD11_M9_1
Added Pin To Net: NetName=NetD11_M9_4 Pin=D11_M9-4
Added Pin To Net: NetName=NetD11_M9_4 Pin=R61_M9-1
Added Net: Name=NetD11_M9_4
Added Pin To Net: NetName=NetD11_M10_1 Pin=D11_M10-1
Added Pin To Net: NetName=NetD11_M10_1 Pin=R60_M10-1
Added Net: Name=NetD11_M10_1
Added Pin To Net: NetName=NetD11_M10_4 Pin=D11_M10-4
Added Pin To Net: NetName=NetD11_M10_4 Pin=R61_M10-1
Added Net: Name=NetD11_M10_4
Added Pin To Net: NetName=NetD11_M11_1 Pin=D11_M11-1
Added Pin To Net: NetName=NetD11_M11_1 Pin=R60_M11-1
Added Net: Name=NetD11_M11_1
Added Pin To Net: NetName=NetD11_M11_4 Pin=D11_M11-4
Added Pin To Net: NetName=NetD11_M11_4 Pin=R61_M11-1
Added Net: Name=NetD11_M11_4
Added Pin To Net: NetName=NetD11_M12_1 Pin=D11_M12-1
Added Pin To Net: NetName=NetD11_M12_1 Pin=R60_M12-1
Added Net: Name=NetD11_M12_1
Added Pin To Net: NetName=NetD11_M12_4 Pin=D11_M12-4
Added Pin To Net: NetName=NetD11_M12_4 Pin=R61_M12-1
Added Net: Name=NetD11_M12_4
Added Pin To Net: NetName=NetLS1_LOAD- Pin=LS1-LOAD-
Added Pin To Net: NetName=NetLS1_LOAD- Pin=Q11-6
Added Net: Name=NetLS1_LOAD-
Added Member To Class: ClassName=CAN Member=Component D9 150066RG54050
Added Member To Class: ClassName=CAN Member=Component D10 150066RG54050
Added Member To Class: ClassName=M1 Member=Component D11_M1 (D11) 150066RG54050
Added Member To Class: ClassName=M2 Member=Component D11_M2 (D11) 150066RG54050
Added Member To Class: ClassName=M3 Member=Component D11_M3 (D11) 150066RG54050
Added Member To Class: ClassName=M4 Member=Component D11_M4 (D11) 150066RG54050
Added Member To Class: ClassName=M5 Member=Component D11_M5 (D11) 150066RG54050
Added Member To Class: ClassName=M6 Member=Component D11_M6 (D11) 150066RG54050
Added Member To Class: ClassName=M7 Member=Component D11_M7 (D11) 150066RG54050
Added Member To Class: ClassName=M8 Member=Component D11_M8 (D11) 150066RG54050
Added Member To Class: ClassName=M9 Member=Component D11_M9 (D11) 150066RG54050
Added Member To Class: ClassName=M10 Member=Component D11_M10 (D11) 150066RG54050
Added Member To Class: ClassName=M11 Member=Component D11_M11 (D11) 150066RG54050
Added Member To Class: ClassName=M12 Member=Component D11_M12 (D11) 150066RG54050
Added Member To Class: ClassName=LightLink_V3 Member=Component LS1 SMI-1027-T-5V-R
Added Member To Class: ClassName=LightLink_V3 Member=Component Q11 SSM6N7002KFU,LF
Added Member To Class: ClassName=LightLink_V3 Member=Component R55 ERJ3EKF1002V
Added Member To Class: ClassName=CAN Member=Component R56 ERJ-3EKF1500V
Added Member To Class: ClassName=CAN Member=Component R57 ERJ-3GEYJ820V
Added Member To Class: ClassName=CAN Member=Component R58 ERJ-3EKF1500V
Added Member To Class: ClassName=CAN Member=Component R59 ERJ-3GEYJ820V
Added Member To Class: ClassName=M1 Member=Component R60_M1 (R60) ERJ3EKF5100V
Added Member To Class: ClassName=M2 Member=Component R60_M2 (R60) ERJ3EKF5100V
Added Member To Class: ClassName=M3 Member=Component R60_M3 (R60) ERJ3EKF5100V
Added Member To Class: ClassName=M4 Member=Component R60_M4 (R60) ERJ3EKF5100V
Added Member To Class: ClassName=M5 Member=Component R60_M5 (R60) ERJ3EKF5100V
Added Member To Class: ClassName=M6 Member=Component R60_M6 (R60) ERJ3EKF5100V
Added Member To Class: ClassName=M7 Member=Component R60_M7 (R60) ERJ3EKF5100V
Added Member To Class: ClassName=M8 Member=Component R60_M8 (R60) ERJ3EKF5100V
Added Member To Class: ClassName=M9 Member=Component R60_M9 (R60) ERJ3EKF5100V
Added Member To Class: ClassName=M10 Member=Component R60_M10 (R60) ERJ3EKF5100V
Added Member To Class: ClassName=M11 Member=Component R60_M11 (R60) ERJ3EKF5100V
Added Member To Class: ClassName=M12 Member=Component R60_M12 (R60) ERJ3EKF5100V
Added Member To Class: ClassName=M1 Member=Component R61_M1 (R61) ERJ-3GEYJ820V
Added Member To Class: ClassName=M2 Member=Component R61_M2 (R61) ERJ-3GEYJ820V
Added Member To Class: ClassName=M3 Member=Component R61_M3 (R61) ERJ-3GEYJ820V
Added Member To Class: ClassName=M4 Member=Component R61_M4 (R61) ERJ-3GEYJ820V
Added Member To Class: ClassName=M5 Member=Component R61_M5 (R61) ERJ-3GEYJ820V
Added Member To Class: ClassName=M6 Member=Component R61_M6 (R61) ERJ-3GEYJ820V
Added Member To Class: ClassName=M7 Member=Component R61_M7 (R61) ERJ-3GEYJ820V
Added Member To Class: ClassName=M8 Member=Component R61_M8 (R61) ERJ-3GEYJ820V
Added Member To Class: ClassName=M9 Member=Component R61_M9 (R61) ERJ-3GEYJ820V
Added Member To Class: ClassName=M10 Member=Component R61_M10 (R61) ERJ-3GEYJ820V
Added Member To Class: ClassName=M11 Member=Component R61_M11 (R61) ERJ-3GEYJ820V
Added Member To Class: ClassName=M12 Member=Component R61_M12 (R61) ERJ-3GEYJ820V
Added Member To Class: ClassName=CAN Member=Component U11 LM2902Q4T
Added Member To Class: ClassName=CAN Member=Component U12 LM2902Q4T
